DEBUG - 2014-05-27T22:01:21+02:00 - No cookie, redirecting to login
DEBUG - 2014-05-27T22:01:21+02:00 - Creating json_client for service RELOAD
DEBUG - 2014-05-27T22:01:21+02:00 - Creating json_client for service MYACCOUNT
DEBUG - 2014-05-27T22:01:21+02:00 - Creating json_client for service TRANSFER
DEBUG - 2014-05-27T22:01:21+02:00 - No app logged in, calling loginApp
DEBUG - 2014-05-27T22:01:21+02:00 - No user logged in, redirect to login route
DEBUG - 2014-05-27T22:01:21+02:00 - Caught CheckRightException (Vous devez connecter un utilisateur ! (method loginCas)), redirect to login route
DEBUG - 2014-05-27T22:01:21+02:00 - Creating json_client for service RELOAD
DEBUG - 2014-05-27T22:01:21+02:00 - Creating json_client for service MYACCOUNT
DEBUG - 2014-05-27T22:01:21+02:00 - Creating json_client for service TRANSFER
DEBUG - 2014-05-27T22:01:21+02:00 - No app logged in, calling loginApp
DEBUG - 2014-05-27T22:01:22+02:00 - No CAS ticket, unsetting cookies and redirecting to CAS
DEBUG - 2014-05-27T22:01:22+02:00 - Creating json_client for service RELOAD
DEBUG - 2014-05-27T22:01:22+02:00 - Creating json_client for service MYACCOUNT
DEBUG - 2014-05-27T22:01:22+02:00 - Creating json_client for service TRANSFER
DEBUG - 2014-05-27T22:01:22+02:00 - No app logged in, calling loginApp
DEBUG - 2014-05-27T22:01:22+02:00 - Trying loginCas
DEBUG - 2014-05-27T22:01:23+02:00 - Creating json_client for service RELOAD
DEBUG - 2014-05-27T22:01:23+02:00 - Creating json_client for service MYACCOUNT
DEBUG - 2014-05-27T22:01:23+02:00 - Creating json_client for service TRANSFER
DEBUG - 2014-05-27T22:01:44+02:00 - Creating json_client for service RELOAD
DEBUG - 2014-05-27T22:01:44+02:00 - Creating json_client for service MYACCOUNT
DEBUG - 2014-05-27T22:01:44+02:00 - Creating json_client for service TRANSFER
DEBUG - 2014-05-27T22:19:01+02:00 - Creating json_client for service RELOAD
DEBUG - 2014-05-27T22:19:01+02:00 - Creating json_client for service MYACCOUNT
DEBUG - 2014-05-27T22:19:01+02:00 - Creating json_client for service TRANSFER
DEBUG - 2014-05-27T22:19:49+02:00 - Creating json_client for service RELOAD
DEBUG - 2014-05-27T22:19:49+02:00 - Creating json_client for service MYACCOUNT
DEBUG - 2014-05-27T22:19:49+02:00 - Creating json_client for service TRANSFER
DEBUG - 2014-05-27T22:22:35+02:00 - Creating json_client for service RELOAD
DEBUG - 2014-05-27T22:22:35+02:00 - Creating json_client for service MYACCOUNT
DEBUG - 2014-05-27T22:22:35+02:00 - Creating json_client for service TRANSFER
DEBUG - 2014-05-27T22:22:41+02:00 - Creating json_client for service RELOAD
DEBUG - 2014-05-27T22:22:41+02:00 - Creating json_client for service MYACCOUNT
DEBUG - 2014-05-27T22:22:41+02:00 - Creating json_client for service TRANSFER
DEBUG - 2014-05-27T22:24:45+02:00 - Creating json_client for service RELOAD
DEBUG - 2014-05-27T22:24:45+02:00 - Creating json_client for service MYACCOUNT
DEBUG - 2014-05-27T22:24:45+02:00 - Creating json_client for service TRANSFER
DEBUG - 2014-05-27T22:37:42+02:00 - Creating json_client for service RELOAD
DEBUG - 2014-05-27T22:37:42+02:00 - Creating json_client for service MYACCOUNT
DEBUG - 2014-05-27T22:37:42+02:00 - Creating json_client for service TRANSFER
DEBUG - 2014-05-27T22:51:14+02:00 - Creating json_client for service RELOAD
DEBUG - 2014-05-27T22:51:14+02:00 - Creating json_client for service MYACCOUNT
DEBUG - 2014-05-27T22:51:14+02:00 - Creating json_client for service TRANSFER
DEBUG - 2014-05-27T22:51:18+02:00 - Creating json_client for service RELOAD
DEBUG - 2014-05-27T22:51:18+02:00 - Creating json_client for service MYACCOUNT
DEBUG - 2014-05-27T22:51:18+02:00 - Creating json_client for service TRANSFER
DEBUG - 2014-05-27T22:51:21+02:00 - Creating json_client for service RELOAD
DEBUG - 2014-05-27T22:51:21+02:00 - Creating json_client for service MYACCOUNT
DEBUG - 2014-05-27T22:51:21+02:00 - Creating json_client for service TRANSFER
DEBUG - 2014-05-27T22:53:49+02:00 - Creating json_client for service RELOAD
DEBUG - 2014-05-27T22:53:49+02:00 - Creating json_client for service MYACCOUNT
DEBUG - 2014-05-27T22:53:49+02:00 - Creating json_client for service TRANSFER
DEBUG - 2014-05-27T22:55:22+02:00 - Creating json_client for service RELOAD
DEBUG - 2014-05-27T22:55:22+02:00 - Creating json_client for service MYACCOUNT
DEBUG - 2014-05-27T22:55:22+02:00 - Creating json_client for service TRANSFER
DEBUG - 2014-05-27T23:17:23+02:00 - Creating json_client for service RELOAD
DEBUG - 2014-05-27T23:17:23+02:00 - Creating json_client for service MYACCOUNT
DEBUG - 2014-05-27T23:17:23+02:00 - Creating json_client for service TRANSFER
